[debug] [2022-12-07T05:00:11.253Z] ----------------------------------------------------------------------
[debug] [2022-12-07T05:00:11.256Z] Command:       /usr/local/bin/node /usr/local/bin/firebase functions:shell
[debug] [2022-12-07T05:00:11.256Z] CLI Version:   11.16.0
[debug] [2022-12-07T05:00:11.256Z] Platform:      darwin
[debug] [2022-12-07T05:00:11.257Z] Node Version:  v16.17.0
[debug] [2022-12-07T05:00:11.261Z] Time:          Tue Dec 06 2022 21:00:11 GMT-0800 (Pacific Standard Time)
[debug] [2022-12-07T05:00:11.261Z] ----------------------------------------------------------------------
[debug] 
[debug] [2022-12-07T05:00:11.355Z] > command requires scopes: ["email","openid","https://www.googleapis.com/auth/cloudplatformprojects.readonly","https://www.googleapis.com/auth/firebase","https://www.googleapis.com/auth/cloud-platform"]
[debug] [2022-12-07T05:00:11.356Z] > authorizing via signed-in user (kylelong9506@gmail.com)
[debug] [2022-12-07T05:00:11.356Z] [iam] checking project blossom-8a8cb for permissions ["firebase.projects.get"]
[debug] [2022-12-07T05:00:11.359Z] >>> [apiv2][query] POST https://cloudresourcemanager.googleapis.com/v1/projects/blossom-8a8cb:testIamPermissions [none]
[debug] [2022-12-07T05:00:11.359Z] >>> [apiv2][(partial)header] POST https://cloudresourcemanager.googleapis.com/v1/projects/blossom-8a8cb:testIamPermissions x-goog-quota-user=projects/blossom-8a8cb
[debug] [2022-12-07T05:00:11.359Z] >>> [apiv2][body] POST https://cloudresourcemanager.googleapis.com/v1/projects/blossom-8a8cb:testIamPermissions {"permissions":["firebase.projects.get"]}
[debug] [2022-12-07T05:00:11.554Z] <<< [apiv2][status] POST https://cloudresourcemanager.googleapis.com/v1/projects/blossom-8a8cb:testIamPermissions 200
[debug] [2022-12-07T05:00:11.554Z] <<< [apiv2][body] POST https://cloudresourcemanager.googleapis.com/v1/projects/blossom-8a8cb:testIamPermissions {"permissions":["firebase.projects.get"]}
[debug] [2022-12-07T05:00:11.556Z] >>> [apiv2][query] GET http://127.0.0.1:4400/emulators [none]
[debug] [2022-12-07T05:00:11.568Z] <<< [apiv2][status] GET http://127.0.0.1:4400/emulators 200
[debug] [2022-12-07T05:00:11.568Z] <<< [apiv2][body] GET http://127.0.0.1:4400/emulators {"hub":{"listen":[{"address":"127.0.0.1","family":"IPv4","port":4400},{"address":"::1","family":"IPv6","port":4400}],"name":"hub","host":"127.0.0.1","port":4400},"ui":{"listen":[{"address":"127.0.0.1","family":"IPv4","port":4000},{"address":"::1","family":"IPv6","port":4000}],"name":"ui","host":"127.0.0.1","port":4000,"pid":63252},"logging":{"listen":[{"address":"127.0.0.1","family":"IPv4","port":4500}],"name":"logging","host":"127.0.0.1","port":4500},"functions":{"name":"functions","host":"127.0.0.1","port":5001},"eventarc":{"name":"eventarc","host":"127.0.0.1","port":9299}}
[debug] [2022-12-07T05:00:11.568Z] Running emulators:  {"hub":{"listen":[{"address":"127.0.0.1","family":"IPv4","port":4400},{"address":"::1","family":"IPv6","port":4400}],"name":"hub","host":"127.0.0.1","port":4400},"ui":{"listen":[{"address":"127.0.0.1","family":"IPv4","port":4000},{"address":"::1","family":"IPv6","port":4000}],"name":"ui","host":"127.0.0.1","port":4000,"pid":63252},"logging":{"listen":[{"address":"127.0.0.1","family":"IPv4","port":4500}],"name":"logging","host":"127.0.0.1","port":4500},"functions":{"name":"functions","host":"127.0.0.1","port":5001},"eventarc":{"name":"eventarc","host":"127.0.0.1","port":9299}}
[warn] ⚠  functions: You are already running the Cloud Functions emulator on port 5001. Running the emulator and the Functions shell simultaenously can result in unexpected behavior. 
[debug] [2022-12-07T05:00:11.810Z] [functions] Functions Emulator only supports listening on one address (127.0.0.1). Not listening on ::1
[debug] [2022-12-07T05:00:11.824Z] [functions] Using node@16 from host.
[debug] [2022-12-07T05:00:11.826Z] defaultcredentials: writing to file /Users/kylelong/.config/firebase/kylelong9506_gmail_com_application_default_credentials.json
[debug] [2022-12-07T05:00:11.828Z] DEBUG: Setting GAC to /Users/kylelong/.config/firebase/kylelong9506_gmail_com_application_default_credentials.json
[debug] [2022-12-07T05:00:11.829Z] >>> [apiv2][query] GET https://firebase.googleapis.com/v1beta1/projects/blossom-8a8cb/adminSdkConfig [none]
[debug] [2022-12-07T05:00:12.262Z] <<< [apiv2][status] GET https://firebase.googleapis.com/v1beta1/projects/blossom-8a8cb/adminSdkConfig 200
[debug] [2022-12-07T05:00:12.262Z] <<< [apiv2][body] GET https://firebase.googleapis.com/v1beta1/projects/blossom-8a8cb/adminSdkConfig {"projectId":"blossom-8a8cb","databaseURL":"https://blossom-8a8cb-default-rtdb.firebaseio.com","storageBucket":"blossom-8a8cb.appspot.com","locationId":"us-central"}
[debug] [2022-12-07T05:00:12.284Z] [functions] Watching "/Users/kylelong/survey-app/functions" for Cloud Functions...
[debug] [2022-12-07T05:00:12.292Z] Validating nodejs source
[debug] [2022-12-07T05:00:13.988Z] > [functions] package.json contents: {
  "name": "functions",
  "description": "Cloud Functions for Firebase",
  "scripts": {
    "lint": "eslint .",
    "serve": "firebase emulators:start --only functions",
    "shell": "firebase functions:shell",
    "start": "npm run shell",
    "deploy": "firebase deploy --only functions",
    "logs": "firebase functions:log"
  },
  "engines": {
    "node": "16"
  },
  "main": "index.js",
  "dependencies": {
    "body-parser": "^1.20.1",
    "express": "^4.18.2",
    "firebase-admin": "^10.0.2",
    "firebase-functions": "^4.1.0"
  },
  "devDependencies": {
    "eslint": "^8.9.0",
    "eslint-config-google": "^0.14.0",
    "firebase-functions-test": "^0.2.0"
  },
  "private": true
}
[debug] [2022-12-07T05:00:13.989Z] Building nodejs source
[debug] [2022-12-07T05:00:13.989Z] Analyzing nodejs backend spec
[debug] [2022-12-07T05:00:13.992Z] Could not find functions.yaml. Must use http discovery
[debug] [2022-12-07T05:00:14.256Z] Serving at port 9005

[debug] [2022-12-07T05:00:14.611Z] Got response from /__/functions.yaml {"endpoints":{"helloWorld":{"platform":"gcfv1","availableMemoryMb":null,"timeoutSeconds":null,"minInstances":null,"maxInstances":null,"ingressSettings":null,"serviceAccountEmail":null,"vpc":null,"httpsTrigger":{},"entryPoint":"helloWorld"},"hasUnpublishedSurvey":{"platform":"gcfv1","labels":{},"availableMemoryMb":null,"timeoutSeconds":null,"minInstances":null,"maxInstances":null,"ingressSettings":null,"serviceAccountEmail":null,"vpc":null,"callableTrigger":{},"entryPoint":"hasUnpublishedSurvey"}},"specVersion":"v1alpha1","requiredAPIs":[]}
[debug] [2022-12-07T05:00:14.618Z] shutdown requested via /__/quitquitquit

[debug] [2022-12-07T05:00:14.628Z] [functions] Loaded functions definitions from source: helloWorld, hasUnpublishedSurvey.
[debug] [2022-12-07T05:00:14.628Z] [functions[us-central1-helloWorld]] http function initialized (http://127.0.0.1:5000/blossom-8a8cb/us-central1/helloWorld).
[debug] [2022-12-07T05:00:14.629Z] [functions[us-central1-hasUnpublishedSurvey]] http function initialized (http://127.0.0.1:5000/blossom-8a8cb/us-central1/hasUnpublishedSurvey).
[info] i  functions: Loaded functions: helloWorld, hasUnpublishedSurvey 
[info] i  functions: Connected to running eventarc emulator at 127.0.0.1:9299, calls to this service will affect the emulator 
[warn] ⚠  functions: The following emulators are not running, calls to these services will affect production: firestore, database, pubsub, storage 
[debug] [2022-12-07T05:00:20.370Z] [work-queue] {"queueLength":1,"workRunningCount":0}
[debug] [2022-12-07T05:00:20.371Z] [work-queue] {"queueLength":0,"workRunningCount":1}
[debug] [2022-12-07T05:00:20.372Z] Accepted request POST /blossom-8a8cb/us-central1/hasUnpublishedSurvey --> us-central1-hasUnpublishedSurvey
[debug] [2022-12-07T05:00:20.378Z] DEBUG: [functions] Runtime ready! Sending request!
[debug] [2022-12-07T05:00:20.379Z] DEBUG: [functions] Got req.url=/blossom-8a8cb/us-central1/hasUnpublishedSurvey, mapping to path=/
[debug] [2022-12-07T05:00:20.390Z] DEBUG: [worker-pool] addWorker(us-central1-hasUnpublishedSurvey)
[debug] [2022-12-07T05:00:20.392Z] DEBUG: [worker-pool] Adding worker with key us-central1-hasUnpublishedSurvey, total=1
[debug] [2022-12-07T05:00:21.195Z] DEBUG: [runtime-status] [63399] Resolved module firebase-admin {"declared":true,"installed":true,"version":"10.3.0","resolution":"/Users/kylelong/survey-app/functions/node_modules/firebase-admin/lib/index.js"}
[debug] [2022-12-07T05:00:21.196Z] DEBUG: [runtime-status] [63399] Resolved module firebase-functions {"declared":true,"installed":true,"version":"4.1.0","resolution":"/Users/kylelong/survey-app/functions/node_modules/firebase-functions/lib/v1/index.js"}
[debug] [2022-12-07T05:00:21.196Z] DEBUG: [runtime-status] [63399] Outgoing network have been stubbed. [{"name":"http","status":"mocked"},{"name":"http","status":"mocked"},{"name":"https","status":"mocked"},{"name":"https","status":"mocked"},{"name":"net","status":"mocked"}]
[debug] [2022-12-07T05:00:21.197Z] DEBUG: [runtime-status] [63399] Resolved module firebase-functions {"declared":true,"installed":true,"version":"4.1.0","resolution":"/Users/kylelong/survey-app/functions/node_modules/firebase-functions/lib/v1/index.js"}
[debug] [2022-12-07T05:00:21.333Z] DEBUG: [runtime-status] [63399] Checked functions.config() {"config":{}}
[debug] [2022-12-07T05:00:21.333Z] DEBUG: [runtime-status] [63399] firebase-functions has been stubbed. {"functionsResolution":{"declared":true,"installed":true,"version":"4.1.0","resolution":"/Users/kylelong/survey-app/functions/node_modules/firebase-functions/lib/v1/index.js"}}
[debug] [2022-12-07T05:00:21.333Z] DEBUG: [runtime-status] [63399] Resolved module firebase-functions {"declared":true,"installed":true,"version":"4.1.0","resolution":"/Users/kylelong/survey-app/functions/node_modules/firebase-functions/lib/v1/index.js"}
[debug] [2022-12-07T05:00:21.334Z] DEBUG: [runtime-status] [63399] Resolved module firebase-admin {"declared":true,"installed":true,"version":"10.3.0","resolution":"/Users/kylelong/survey-app/functions/node_modules/firebase-admin/lib/index.js"}
[debug] [2022-12-07T05:00:21.336Z] DEBUG: [runtime-status] [63399] Resolved module firebase-functions {"declared":true,"installed":true,"version":"4.1.0","resolution":"/Users/kylelong/survey-app/functions/node_modules/firebase-functions/lib/v1/index.js"}
[debug] [2022-12-07T05:00:21.336Z] DEBUG: [runtime-status] [63399] firebase-admin has been stubbed. {"adminResolution":{"declared":true,"installed":true,"version":"10.3.0","resolution":"/Users/kylelong/survey-app/functions/node_modules/firebase-admin/lib/index.js"}}
[debug] [2022-12-07T05:00:21.398Z] DEBUG: [runtime-status] [63399] initializeApp(DEFAULT) {"storageBucket":"blossom-8a8cb.appspot.com","databaseURL":"https://blossom-8a8cb-default-rtdb.firebaseio.com","projectId":"blossom-8a8cb"}
[warn] ⚠  functions: The Cloud Firestore emulator is not running, so calls to Firestore will affect production. {"metadata":{"emulator":{"name":"functions"},"function":{"name":"us-central1-hasUnpublishedSurvey"},"extension":{},"message":"The Cloud Firestore emulator is not running, so calls to Firestore will affect production."}}
[debug] [2022-12-07T05:00:21.407Z] DEBUG: [runtime-status] [63399] Functions runtime initialized. {"cwd":"/Users/kylelong/survey-app/functions","node_version":"16.17.0"}
[debug] [2022-12-07T05:00:21.408Z] DEBUG: [runtime-status] [63399] Listening to port: /var/folders/lg/szk7xp117qn2cbxjc2py5v8r0000gn/T/fire_emu_7638b3e63749c31e.sock
[debug] [2022-12-07T05:00:21.418Z] DEBUG: [worker-us-central1-hasUnpublishedSurvey-46d71863-31bf-4d03-a64b-139ce39af247]: IDLE
[debug] [2022-12-07T05:00:21.418Z] DEBUG: [worker-pool] submitRequest(triggerId=us-central1-hasUnpublishedSurvey)
[debug] [2022-12-07T05:00:21.419Z] DEBUG: [worker-us-central1-hasUnpublishedSurvey-46d71863-31bf-4d03-a64b-139ce39af247]: BUSY
[debug] [2022-12-07T05:00:21.448Z] [functions] Beginning execution of "hasUnpublishedSurvey"
[info] >  {"verifications":{"app":"MISSING","auth":"MISSING"},"logging.googleapis.com/labels":{"firebase-log-type":"callable-request-verification"},"severity":"DEBUG","message":"Callable request verification passed"} {"user":{"verifications":{"app":"MISSING","auth":"MISSING"},"logging.googleapis.com/labels":{"firebase-log-type":"callable-request-verification"},"severity":"DEBUG","message":"Callable request verification passed"},"metadata":{"emulator":{"name":"functions"},"function":{"name":"us-central1-hasUnpublishedSurvey"},"extension":{},"message":"\u001b[90m> \u001b[39m {\"verifications\":{\"app\":\"MISSING\",\"auth\":\"MISSING\"},\"logging.googleapis.com/labels\":{\"firebase-log-type\":\"callable-request-verification\"},\"severity\":\"DEBUG\",\"message\":\"Callable request verification passed\"}"}}
[info] >  undefined {"user":"undefined","metadata":{"emulator":{"name":"functions"},"function":{"name":"us-central1-hasUnpublishedSurvey"},"extension":{},"message":"\u001b[90m> \u001b[39m undefined"}}
[debug] [2022-12-07T05:00:21.452Z] DEBUG: [runtime-status] [63399] No callable functions auth found
[warn] ⚠  Google API requested!
   - URL: "https://oauth2.googleapis.com/token"
   - Be careful, this may be a production service. {"metadata":{"emulator":{"name":"functions"},"function":{"name":"us-central1-hasUnpublishedSurvey"},"extension":{},"message":"Google API requested!\n   - URL: \"https://oauth2.googleapis.com/token\"\n   - Be careful, this may be a production service."}}
[debug] [2022-12-07T05:00:22.879Z] DEBUG: [worker-us-central1-hasUnpublishedSurvey-46d71863-31bf-4d03-a64b-139ce39af247]: IDLE
[debug] [2022-12-07T05:00:22.879Z] [work-queue] {"queueLength":0,"workRunningCount":0}
[debug] [2022-12-07T05:00:22.880Z] [functions] Finished "hasUnpublishedSurvey" in 1429.400863ms
[debug] [2022-12-07T07:09:54.549Z] [work-queue] {"queueLength":1,"workRunningCount":0}
[debug] [2022-12-07T07:09:54.550Z] [work-queue] {"queueLength":0,"workRunningCount":1}
[debug] [2022-12-07T07:09:54.550Z] Accepted request POST /blossom-8a8cb/us-central1/hasUnpublishedSurvey --> us-central1-hasUnpublishedSurvey
[debug] [2022-12-07T07:09:54.558Z] DEBUG: [functions] Runtime ready! Sending request!
[debug] [2022-12-07T07:09:54.559Z] DEBUG: [functions] Got req.url=/blossom-8a8cb/us-central1/hasUnpublishedSurvey, mapping to path=/
[debug] [2022-12-07T07:09:54.565Z] DEBUG: [worker-pool] submitRequest(triggerId=us-central1-hasUnpublishedSurvey)
[debug] [2022-12-07T07:09:54.565Z] DEBUG: [worker-us-central1-hasUnpublishedSurvey-46d71863-31bf-4d03-a64b-139ce39af247]: BUSY
[debug] [2022-12-07T07:09:54.652Z] [functions] Beginning execution of "hasUnpublishedSurvey"
[info] >  {"verifications":{"app":"MISSING","auth":"MISSING"},"logging.googleapis.com/labels":{"firebase-log-type":"callable-request-verification"},"severity":"DEBUG","message":"Callable request verification passed"} {"user":{"verifications":{"app":"MISSING","auth":"MISSING"},"logging.googleapis.com/labels":{"firebase-log-type":"callable-request-verification"},"severity":"DEBUG","message":"Callable request verification passed"},"metadata":{"emulator":{"name":"functions"},"function":{"name":"us-central1-hasUnpublishedSurvey"},"extension":{},"message":"\u001b[90m> \u001b[39m {\"verifications\":{\"app\":\"MISSING\",\"auth\":\"MISSING\"},\"logging.googleapis.com/labels\":{\"firebase-log-type\":\"callable-request-verification\"},\"severity\":\"DEBUG\",\"message\":\"Callable request verification passed\"}"}}
[debug] [2022-12-07T07:09:54.661Z] DEBUG: [runtime-status] [63399] No callable functions auth found
[info] >  undefined {"user":"undefined","metadata":{"emulator":{"name":"functions"},"function":{"name":"us-central1-hasUnpublishedSurvey"},"extension":{},"message":"\u001b[90m> \u001b[39m undefined"}}
[debug] [2022-12-07T07:09:55.130Z] DEBUG: [worker-us-central1-hasUnpublishedSurvey-46d71863-31bf-4d03-a64b-139ce39af247]: IDLE
[debug] [2022-12-07T07:09:55.130Z] [work-queue] {"queueLength":0,"workRunningCount":0}
[debug] [2022-12-07T07:09:55.130Z] [functions] Finished "hasUnpublishedSurvey" in 477.46338ms
[debug] [2022-12-07T07:30:34.435Z] DEBUG: File /Users/kylelong/survey-app/functions/index.js changed, reloading triggers
[debug] [2022-12-07T07:30:35.446Z] Validating nodejs source
[debug] [2022-12-07T07:30:37.181Z] > [functions] package.json contents: {
  "name": "functions",
  "description": "Cloud Functions for Firebase",
  "scripts": {
    "lint": "eslint .",
    "serve": "firebase emulators:start --only functions",
    "shell": "firebase functions:shell",
    "start": "npm run shell",
    "deploy": "firebase deploy --only functions",
    "logs": "firebase functions:log"
  },
  "engines": {
    "node": "16"
  },
  "main": "index.js",
  "dependencies": {
    "body-parser": "^1.20.1",
    "express": "^4.18.2",
    "firebase-admin": "^10.0.2",
    "firebase-functions": "^4.1.0"
  },
  "devDependencies": {
    "eslint": "^8.9.0",
    "eslint-config-google": "^0.14.0",
    "firebase-functions-test": "^0.2.0"
  },
  "private": true
}
[debug] [2022-12-07T07:30:37.182Z] Building nodejs source
[debug] [2022-12-07T07:30:37.182Z] Analyzing nodejs backend spec
[debug] [2022-12-07T07:30:37.183Z] Could not find functions.yaml. Must use http discovery
[debug] [2022-12-07T07:30:37.481Z] Serving at port 9005

[debug] [2022-12-07T07:30:37.874Z] Got response from /__/functions.yaml {"endpoints":{"helloWorld":{"platform":"gcfv1","availableMemoryMb":null,"timeoutSeconds":null,"minInstances":null,"maxInstances":null,"ingressSettings":null,"serviceAccountEmail":null,"vpc":null,"httpsTrigger":{},"entryPoint":"helloWorld"},"hasUnpublishedSurvey":{"platform":"gcfv1","labels":{},"availableMemoryMb":null,"timeoutSeconds":null,"minInstances":null,"maxInstances":null,"ingressSettings":null,"serviceAccountEmail":null,"vpc":null,"callableTrigger":{},"entryPoint":"hasUnpublishedSurvey"}},"specVersion":"v1alpha1","requiredAPIs":[]}
[debug] [2022-12-07T07:30:37.880Z] shutdown requested via /__/quitquitquit

[debug] [2022-12-07T07:30:37.888Z] [functions] Loaded functions definitions from source: helloWorld, hasUnpublishedSurvey.
[debug] [2022-12-07T07:30:37.888Z] DEBUG: [worker-pool] Shutting down IDLE worker (us-central1-hasUnpublishedSurvey)
[debug] [2022-12-07T07:30:37.888Z] DEBUG: [worker-us-central1-hasUnpublishedSurvey-46d71863-31bf-4d03-a64b-139ce39af247]: FINISHING
[debug] [2022-12-07T07:30:37.899Z] DEBUG: [worker-us-central1-hasUnpublishedSurvey-46d71863-31bf-4d03-a64b-139ce39af247]: exited
[debug] [2022-12-07T07:30:37.899Z] DEBUG: [worker-us-central1-hasUnpublishedSurvey-46d71863-31bf-4d03-a64b-139ce39af247]: FINISHED
[debug] [2022-12-07T07:34:45.413Z] DEBUG: File /Users/kylelong/survey-app/functions/index.js changed, reloading triggers
[debug] [2022-12-07T07:34:46.416Z] Validating nodejs source
[debug] [2022-12-07T07:34:48.382Z] > [functions] package.json contents: {
  "name": "functions",
  "description": "Cloud Functions for Firebase",
  "scripts": {
    "lint": "eslint .",
    "serve": "firebase emulators:start --only functions",
    "shell": "firebase functions:shell",
    "start": "npm run shell",
    "deploy": "firebase deploy --only functions",
    "logs": "firebase functions:log"
  },
  "engines": {
    "node": "16"
  },
  "main": "index.js",
  "dependencies": {
    "body-parser": "^1.20.1",
    "express": "^4.18.2",
    "firebase-admin": "^10.0.2",
    "firebase-functions": "^4.1.0"
  },
  "devDependencies": {
    "eslint": "^8.9.0",
    "eslint-config-google": "^0.14.0",
    "firebase-functions-test": "^0.2.0"
  },
  "private": true
}
[debug] [2022-12-07T07:34:48.383Z] Building nodejs source
[debug] [2022-12-07T07:34:48.383Z] Analyzing nodejs backend spec
[debug] [2022-12-07T07:34:48.383Z] Could not find functions.yaml. Must use http discovery
[debug] [2022-12-07T07:34:48.563Z] Serving at port 9005

[debug] [2022-12-07T07:34:48.944Z] Got response from /__/functions.yaml {"endpoints":{"helloWorld":{"platform":"gcfv1","availableMemoryMb":null,"timeoutSeconds":null,"minInstances":null,"maxInstances":null,"ingressSettings":null,"serviceAccountEmail":null,"vpc":null,"httpsTrigger":{},"entryPoint":"helloWorld"},"hasUnpublishedSurvey":{"platform":"gcfv1","availableMemoryMb":null,"timeoutSeconds":null,"minInstances":null,"maxInstances":null,"ingressSettings":null,"serviceAccountEmail":null,"vpc":null,"httpsTrigger":{},"entryPoint":"hasUnpublishedSurvey"}},"specVersion":"v1alpha1","requiredAPIs":[]}
[debug] [2022-12-07T07:34:48.947Z] shutdown requested via /__/quitquitquit

[debug] [2022-12-07T07:34:48.954Z] [functions] Loaded functions definitions from source: helloWorld, hasUnpublishedSurvey.
[debug] [2022-12-07T07:36:29.926Z] DEBUG: File /Users/kylelong/survey-app/functions/index.js changed, reloading triggers
[debug] [2022-12-07T07:36:30.929Z] Validating nodejs source
[debug] [2022-12-07T07:36:32.250Z] > [functions] package.json contents: {
  "name": "functions",
  "description": "Cloud Functions for Firebase",
  "scripts": {
    "lint": "eslint .",
    "serve": "firebase emulators:start --only functions",
    "shell": "firebase functions:shell",
    "start": "npm run shell",
    "deploy": "firebase deploy --only functions",
    "logs": "firebase functions:log"
  },
  "engines": {
    "node": "16"
  },
  "main": "index.js",
  "dependencies": {
    "body-parser": "^1.20.1",
    "express": "^4.18.2",
    "firebase-admin": "^10.0.2",
    "firebase-functions": "^4.1.0"
  },
  "devDependencies": {
    "eslint": "^8.9.0",
    "eslint-config-google": "^0.14.0",
    "firebase-functions-test": "^0.2.0"
  },
  "private": true
}
[debug] [2022-12-07T07:36:32.252Z] Building nodejs source
[debug] [2022-12-07T07:36:32.252Z] Analyzing nodejs backend spec
[debug] [2022-12-07T07:36:32.252Z] Could not find functions.yaml. Must use http discovery
[debug] [2022-12-07T07:36:32.441Z] Serving at port 9005

[debug] [2022-12-07T07:36:32.610Z] Got response from /__/functions.yaml {"endpoints":{"helloWorld":{"platform":"gcfv1","availableMemoryMb":null,"timeoutSeconds":null,"minInstances":null,"maxInstances":null,"ingressSettings":null,"serviceAccountEmail":null,"vpc":null,"httpsTrigger":{},"entryPoint":"helloWorld"},"hasUnpublishedSurvey":{"platform":"gcfv1","availableMemoryMb":null,"timeoutSeconds":null,"minInstances":null,"maxInstances":null,"ingressSettings":null,"serviceAccountEmail":null,"vpc":null,"httpsTrigger":{},"entryPoint":"hasUnpublishedSurvey"}},"specVersion":"v1alpha1","requiredAPIs":[]}
[debug] [2022-12-07T07:36:32.620Z] shutdown requested via /__/quitquitquit

[debug] [2022-12-07T07:36:32.623Z] [functions] Loaded functions definitions from source: helloWorld, hasUnpublishedSurvey.
[debug] [2022-12-07T07:48:29.231Z] DEBUG: File /Users/kylelong/survey-app/functions/index.js changed, reloading triggers
[debug] [2022-12-07T07:48:30.236Z] Validating nodejs source
[debug] [2022-12-07T07:48:31.509Z] > [functions] package.json contents: {
  "name": "functions",
  "description": "Cloud Functions for Firebase",
  "scripts": {
    "lint": "eslint .",
    "serve": "firebase emulators:start --only functions",
    "shell": "firebase functions:shell",
    "start": "npm run shell",
    "deploy": "firebase deploy --only functions",
    "logs": "firebase functions:log"
  },
  "engines": {
    "node": "16"
  },
  "main": "index.js",
  "dependencies": {
    "body-parser": "^1.20.1",
    "express": "^4.18.2",
    "firebase-admin": "^10.0.2",
    "firebase-functions": "^4.1.0"
  },
  "devDependencies": {
    "eslint": "^8.9.0",
    "eslint-config-google": "^0.14.0",
    "firebase-functions-test": "^0.2.0"
  },
  "private": true
}
[debug] [2022-12-07T07:48:31.510Z] Building nodejs source
[debug] [2022-12-07T07:48:31.510Z] Analyzing nodejs backend spec
[debug] [2022-12-07T07:48:31.511Z] Could not find functions.yaml. Must use http discovery
[debug] [2022-12-07T07:48:31.712Z] Serving at port 9005

[debug] [2022-12-07T07:48:31.896Z] Got response from /__/functions.yaml {"endpoints":{"helloWorld":{"platform":"gcfv1","availableMemoryMb":null,"timeoutSeconds":null,"minInstances":null,"maxInstances":null,"ingressSettings":null,"serviceAccountEmail":null,"vpc":null,"httpsTrigger":{},"entryPoint":"helloWorld"},"hasUnpublishedSurvey":{"platform":"gcfv1","availableMemoryMb":null,"timeoutSeconds":null,"minInstances":null,"maxInstances":null,"ingressSettings":null,"serviceAccountEmail":null,"vpc":null,"httpsTrigger":{},"entryPoint":"hasUnpublishedSurvey"}},"specVersion":"v1alpha1","requiredAPIs":[]}
[debug] [2022-12-07T07:48:31.900Z] shutdown requested via /__/quitquitquit

[debug] [2022-12-07T07:48:31.907Z] [functions] Loaded functions definitions from source: helloWorld, hasUnpublishedSurvey.
